::1 - - [20/Apr/2024:14:38:08 +0000] "POST /v1/generatecertificate HTTP/1.1" 500 237 "-" "PostmanRuntime/7.37.3"
::1 - - [20/Apr/2024:14:38:27 +0000] "POST /v1/generatecertificate HTTP/1.1" 500 237 "-" "PostmanRuntime/7.37.3"
::1 - - [20/Apr/2024:14:49:40 +0000] "POST /v1/generatecertificate HTTP/1.1" - - "-" "PostmanRuntime/7.37.3"
::1 - - [20/Apr/2024:14:51:08 +0000] "POST /v1/generatecertificate HTTP/1.1" - - "-" "PostmanRuntime/7.37.3"
::1 - - [20/Apr/2024:16:39:09 +0000] "POST /v1/generatecertificate HTTP/1.1" - - "-" "PostmanRuntime/7.37.3"
::1 - - [20/Apr/2024:16:46:14 +0000] "POST /v1/generatecertificate HTTP/1.1" - - "-" "PostmanRuntime/7.37.3"
::1 - - [20/Apr/2024:16:55:31 +0000] "POST /v1/generatecertificate HTTP/1.1" 200 36 "-" "PostmanRuntime/7.37.3"
::1 - - [20/Apr/2024:16:56:09 +0000] "POST /v1/generatecertificate HTTP/1.1" 200 36 "-" "PostmanRuntime/7.37.3"
::1 - - [20/Apr/2024:17:07:52 +0000] "POST /v1/uploadexcel HTTP/1.1" 200 174 "-" "PostmanRuntime/7.37.3"
::1 - - [20/Apr/2024:17:08:32 +0000] "POST /v1/uploadexcel HTTP/1.1" 200 174 "-" "PostmanRuntime/7.37.3"
::1 - - [20/Apr/2024:17:09:37 +0000] "POST /v1/uploadexcel HTTP/1.1" 200 175 "-" "PostmanRuntime/7.37.3"
::1 - - [20/Apr/2024:17:11:58 +0000] "POST /v1/uploadexcel HTTP/1.1" 200 175 "-" "PostmanRuntime/7.37.3"
::1 - - [20/Apr/2024:17:11:59 +0000] "POST /v1/uploadexcel HTTP/1.1" 200 175 "-" "PostmanRuntime/7.37.3"
::1 - - [20/Apr/2024:17:12:00 +0000] "POST /v1/uploadexcel HTTP/1.1" 200 175 "-" "PostmanRuntime/7.37.3"
::1 - - [20/Apr/2024:17:12:01 +0000] "POST /v1/uploadexcel HTTP/1.1" 200 175 "-" "PostmanRuntime/7.37.3"
::1 - - [20/Apr/2024:17:12:02 +0000] "POST /v1/uploadexcel HTTP/1.1" 200 175 "-" "PostmanRuntime/7.37.3"
::1 - - [20/Apr/2024:17:12:03 +0000] "POST /v1/uploadexcel HTTP/1.1" 200 175 "-" "PostmanRuntime/7.37.3"
::1 - - [21/Apr/2024:10:52:36 +0000] "POST /v1/generatecertificate HTTP/1.1" 200 35 "-" "PostmanRuntime/7.37.3"
::1 - - [21/Apr/2024:10:54:03 +0000] "POST /v1/generatecertificate HTTP/1.1" 200 35 "-" "PostmanRuntime/7.37.3"
::1 - - [21/Apr/2024:10:54:21 +0000] "POST /v1/generatecertificate HTTP/1.1" 200 35 "-" "PostmanRuntime/7.37.3"
::1 - - [21/Apr/2024:10:58:43 +0000] "POST /v1/generatecertificate HTTP/1.1" 200 35 "-" "PostmanRuntime/7.37.3"
::1 - - [21/Apr/2024:11:02:47 +0000] "POST /v1/generatecertificate HTTP/1.1" 200 35 "-" "PostmanRuntime/7.37.3"
::1 - - [21/Apr/2024:11:03:06 +0000] "POST /v1/generatecertificate HTTP/1.1" 200 35 "-" "PostmanRuntime/7.37.3"
::1 - - [21/Apr/2024:11:11:35 +0000] "POST /v1/generatecertificate HTTP/1.1" 200 35 "-" "PostmanRuntime/7.37.3"
::1 - - [21/Apr/2024:11:13:09 +0000] "POST /v1/generatecertificate HTTP/1.1" 200 35 "-" "PostmanRuntime/7.37.3"
::1 - - [21/Apr/2024:11:14:25 +0000] "POST /v1/generatecertificate HTTP/1.1" 200 35 "-" "PostmanRuntime/7.37.3"
::1 - - [21/Apr/2024:11:14:42 +0000] "POST /v1/generatecertificate HTTP/1.1" 200 35 "-" "PostmanRuntime/7.37.3"
::1 - - [21/Apr/2024:11:15:53 +0000] "POST /v1/generatecertificate HTTP/1.1" 200 35 "-" "PostmanRuntime/7.37.3"
::1 - - [21/Apr/2024:11:20:38 +0000] "POST /v1/generatecertificate HTTP/1.1" 200 35 "-" "PostmanRuntime/7.37.3"
::1 - - [21/Apr/2024:11:21:17 +0000] "POST /v1/generatecertificate HTTP/1.1" 200 35 "-" "PostmanRuntime/7.37.3"
::1 - - [21/Apr/2024:11:21:43 +0000] "POST /v1/generatecertificate HTTP/1.1" 200 35 "-" "PostmanRuntime/7.37.3"
::1 - - [21/Apr/2024:11:24:37 +0000] "POST /v1/generatecertificate HTTP/1.1" 200 35 "-" "PostmanRuntime/7.37.3"
::1 - - [21/Apr/2024:11:45:20 +0000] "POST /v1/generatecertificate HTTP/1.1" 200 35 "-" "PostmanRuntime/7.37.3"
::1 - - [21/Apr/2024:11:48:02 +0000] "POST /v1/generatecertificate HTTP/1.1" 200 173 "-" "PostmanRuntime/7.37.3"
::1 - - [25/Apr/2024:14:27:32 +0000] "POST /v1/generatecertificate HTTP/1.1" 200 135 "-" "PostmanRuntime/7.37.3"
::1 - - [27/Apr/2024:15:01:10 +0000] "POST /v1/generatecertificate HTTP/1.1" 200 135 "-" "PostmanRuntime/7.37.3"
::1 - - [27/Apr/2024:15:10:10 +0000] "POST /v1/uploadexcel HTTP/1.1" 200 135 "-" "PostmanRuntime/7.37.3"
::1 - - [27/Apr/2024:15:10:37 +0000] "POST /v1/uploadexcel HTTP/1.1" 200 135 "-" "PostmanRuntime/7.37.3"
::1 - - [27/Apr/2024:15:10:38 +0000] "POST /v1/uploadexcel HTTP/1.1" 200 135 "-" "PostmanRuntime/7.37.3"
::1 - - [27/Apr/2024:15:10:55 +0000] "POST /v1/uploadexcel HTTP/1.1" 200 135 "-" "PostmanRuntime/7.37.3"
::1 - - [27/Apr/2024:15:12:02 +0000] "GET /v1/userposts HTTP/1.1" 200 1072 "-" "PostmanRuntime/7.37.3"
::1 - - [27/Apr/2024:15:13:27 +0000] "PUT /v1/approvalrequest?user_id=4 HTTP/1.1" 200 197 "-" "PostmanRuntime/7.37.3"
::1 - - [29/Apr/2024:17:57:39 +0000] "POST /v1/uploadexcel HTTP/1.1" 200 135 "-" "PostmanRuntime/7.37.3"
::1 - - [29/Apr/2024:17:57:49 +0000] "POST /v1/uploadexcel HTTP/1.1" 200 25 "-" "PostmanRuntime/7.37.3"
::1 - - [29/Apr/2024:17:59:11 +0000] "POST /v1/uploadexcel HTTP/1.1" 200 27 "-" "PostmanRuntime/7.37.3"
::1 - - [29/Apr/2024:17:59:13 +0000] "POST /v1/uploadexcel HTTP/1.1" 200 27 "-" "PostmanRuntime/7.37.3"
::1 - - [29/Apr/2024:17:59:14 +0000] "POST /v1/uploadexcel HTTP/1.1" 200 27 "-" "PostmanRuntime/7.37.3"
::1 - - [29/Apr/2024:17:59:16 +0000] "POST /v1/uploadexcel HTTP/1.1" 200 27 "-" "PostmanRuntime/7.37.3"
::1 - - [29/Apr/2024:17:59:23 +0000] "POST /v1/uploadexcel HTTP/1.1" 200 135 "-" "PostmanRuntime/7.37.3"
::1 - - [29/Apr/2024:17:59:27 +0000] "POST /v1/uploadexcel HTTP/1.1" 200 27 "-" "PostmanRuntime/7.37.3"
::1 - - [29/Apr/2024:18:00:25 +0000] "POST /v1/uploadexcel HTTP/1.1" 500 28 "-" "PostmanRuntime/7.37.3"
::1 - - [29/Apr/2024:18:00:29 +0000] "POST /v1/uploadexcel HTTP/1.1" 500 28 "-" "PostmanRuntime/7.37.3"
::1 - - [29/Apr/2024:18:04:13 +0000] "POST /v1/uploadexcel HTTP/1.1" 500 28 "-" "PostmanRuntime/7.37.3"
::1 - - [29/Apr/2024:18:05:58 +0000] "POST /v1/uploadexcel HTTP/1.1" 500 28 "-" "PostmanRuntime/7.37.3"
::1 - - [29/Apr/2024:18:06:13 +0000] "POST /v1/uploadexcel HTTP/1.1" 500 28 "-" "PostmanRuntime/7.37.3"
::1 - - [29/Apr/2024:18:06:16 +0000] "POST /v1/uploadexcel HTTP/1.1" 500 28 "-" "PostmanRuntime/7.37.3"
::1 - - [29/Apr/2024:18:06:25 +0000] "POST /v1/uploadexcel HTTP/1.1" 500 28 "-" "PostmanRuntime/7.37.3"
::1 - - [29/Apr/2024:18:06:27 +0000] "POST /v1/uploadexcel HTTP/1.1" 500 28 "-" "PostmanRuntime/7.37.3"
::1 - - [29/Apr/2024:18:06:49 +0000] "POST /v1/uploadexcel HTTP/1.1" 500 28 "-" "PostmanRuntime/7.37.3"
::1 - - [29/Apr/2024:18:07:10 +0000] "POST /v1/uploadexcel HTTP/1.1" 500 28 "-" "PostmanRuntime/7.37.3"
::1 - - [29/Apr/2024:18:07:23 +0000] "POST /v1/uploadexcel HTTP/1.1" 500 28 "-" "PostmanRuntime/7.37.3"
::1 - - [29/Apr/2024:18:07:25 +0000] "POST /v1/uploadexcel HTTP/1.1" 500 28 "-" "PostmanRuntime/7.37.3"
::1 - - [29/Apr/2024:18:07:39 +0000] "POST /v1/uploadexcel HTTP/1.1" 200 34 "-" "PostmanRuntime/7.37.3"
::1 - - [29/Apr/2024:18:07:40 +0000] "POST /v1/uploadexcel HTTP/1.1" 200 34 "-" "PostmanRuntime/7.37.3"
::1 - - [29/Apr/2024:18:07:54 +0000] "POST /v1/uploadexcel HTTP/1.1" 200 34 "-" "PostmanRuntime/7.37.3"
::1 - - [29/Apr/2024:18:08:23 +0000] "POST /v1/uploadexcel HTTP/1.1" 500 28 "-" "PostmanRuntime/7.37.3"
::1 - - [29/Apr/2024:18:08:24 +0000] "POST /v1/uploadexcel HTTP/1.1" 500 28 "-" "PostmanRuntime/7.37.3"
::1 - - [29/Apr/2024:18:08:38 +0000] "POST /v1/uploadexcel HTTP/1.1" 200 34 "-" "PostmanRuntime/7.37.3"
::1 - - [29/Apr/2024:18:08:55 +0000] "POST /v1/uploadexcel HTTP/1.1" 500 28 "-" "PostmanRuntime/7.37.3"
::1 - - [29/Apr/2024:18:09:13 +0000] "POST /v1/uploadexcel HTTP/1.1" 500 28 "-" "PostmanRuntime/7.37.3"
::1 - - [29/Apr/2024:18:09:49 +0000] "POST /v1/uploadexcel HTTP/1.1" 200 135 "-" "PostmanRuntime/7.37.3"
::1 - - [29/Apr/2024:18:10:01 +0000] "POST /v1/uploadexcel HTTP/1.1" 500 28 "-" "PostmanRuntime/7.37.3"
::1 - - [29/Apr/2024:18:10:30 +0000] "POST /v1/uploadexcel HTTP/1.1" 500 28 "-" "PostmanRuntime/7.37.3"
::1 - - [29/Apr/2024:18:10:31 +0000] "POST /v1/uploadexcel HTTP/1.1" 500 28 "-" "PostmanRuntime/7.37.3"
::1 - - [29/Apr/2024:18:10:53 +0000] "POST /v1/uploadexcel HTTP/1.1" 500 28 "-" "PostmanRuntime/7.37.3"
::1 - - [29/Apr/2024:18:12:15 +0000] "POST /v1/uploadexcel HTTP/1.1" 500 28 "-" "PostmanRuntime/7.37.3"
::1 - - [29/Apr/2024:18:12:42 +0000] "POST /v1/uploadexcel HTTP/1.1" 200 135 "-" "PostmanRuntime/7.37.3"
::1 - - [29/Apr/2024:18:12:48 +0000] "POST /v1/uploadexcel HTTP/1.1" 200 135 "-" "PostmanRuntime/7.37.3"
::1 - - [29/Apr/2024:18:14:06 +0000] "POST /v1/uploadexcel HTTP/1.1" 200 135 "-" "PostmanRuntime/7.37.3"
::1 - - [29/Apr/2024:18:14:28 +0000] "POST /v1/uploadexcel HTTP/1.1" 200 136 "-" "PostmanRuntime/7.37.3"
::1 - - [29/Apr/2024:18:15:07 +0000] "POST /v1/uploadexcel HTTP/1.1" 500 28 "-" "PostmanRuntime/7.37.3"
::1 - - [29/Apr/2024:18:18:36 +0000] "POST /v1/uploadexcel HTTP/1.1" 500 28 "-" "PostmanRuntime/7.37.3"
::1 - - [29/Apr/2024:18:19:05 +0000] "POST /v1/uploadexcel HTTP/1.1" 200 55 "-" "PostmanRuntime/7.37.3"
::1 - - [29/Apr/2024:18:24:27 +0000] "POST /v1/uploadexcel HTTP/1.1" 400 66 "-" "PostmanRuntime/7.37.3"
::1 - - [29/Apr/2024:18:24:51 +0000] "POST /v1/uploadexcel HTTP/1.1" 400 34 "-" "PostmanRuntime/7.37.3"
::1 - - [29/Apr/2024:18:24:58 +0000] "POST /v1/uploadexcel HTTP/1.1" 200 136 "-" "PostmanRuntime/7.37.3"
::1 - - [29/Apr/2024:18:26:24 +0000] "POST /v1/uploadexcel HTTP/1.1" 500 28 "-" "PostmanRuntime/7.37.3"
::1 - - [29/Apr/2024:18:26:45 +0000] "POST /v1/uploadexcel HTTP/1.1" 500 28 "-" "PostmanRuntime/7.37.3"
::1 - - [29/Apr/2024:18:27:56 +0000] "POST /v1/uploadexcel HTTP/1.1" 500 28 "-" "PostmanRuntime/7.37.3"
::1 - - [29/Apr/2024:18:28:17 +0000] "POST /v1/uploadexcel HTTP/1.1" 500 28 "-" "PostmanRuntime/7.37.3"
::1 - - [29/Apr/2024:18:28:35 +0000] "POST /v1/uploadexcel HTTP/1.1" 500 28 "-" "PostmanRuntime/7.37.3"
::1 - - [29/Apr/2024:18:29:58 +0000] "POST /v1/uploadexcel HTTP/1.1" 500 28 "-" "PostmanRuntime/7.37.3"
::1 - - [29/Apr/2024:18:30:10 +0000] "POST /v1/uploadexcel HTTP/1.1" 500 28 "-" "PostmanRuntime/7.37.3"
::1 - - [29/Apr/2024:18:30:29 +0000] "POST /v1/uploadexcel HTTP/1.1" 500 28 "-" "PostmanRuntime/7.37.3"
::1 - - [29/Apr/2024:18:31:02 +0000] "POST /v1/uploadexcel HTTP/1.1" 500 28 "-" "PostmanRuntime/7.37.3"
::1 - - [29/Apr/2024:18:31:26 +0000] "POST /v1/uploadexcel HTTP/1.1" 500 28 "-" "PostmanRuntime/7.37.3"
::1 - - [29/Apr/2024:18:33:40 +0000] "POST /v1/uploadexcel HTTP/1.1" 500 28 "-" "PostmanRuntime/7.37.3"
::1 - - [29/Apr/2024:18:33:59 +0000] "POST /v1/uploadexcel HTTP/1.1" 500 28 "-" "PostmanRuntime/7.37.3"
::1 - - [29/Apr/2024:18:34:16 +0000] "POST /v1/uploadexcel HTTP/1.1" 500 28 "-" "PostmanRuntime/7.37.3"
::1 - - [29/Apr/2024:18:37:07 +0000] "POST /v1/uploadexcel HTTP/1.1" 500 28 "-" "PostmanRuntime/7.37.3"
::1 - - [29/Apr/2024:18:38:45 +0000] "POST /v1/uploadexcel HTTP/1.1" 500 28 "-" "PostmanRuntime/7.37.3"
::1 - - [29/Apr/2024:18:39:59 +0000] "POST /v1/uploadexcel HTTP/1.1" 500 28 "-" "PostmanRuntime/7.37.3"
::1 - - [29/Apr/2024:18:40:50 +0000] "POST /v1/uploadexcel HTTP/1.1" 500 28 "-" "PostmanRuntime/7.37.3"
::1 - - [29/Apr/2024:18:42:20 +0000] "POST /v1/uploadexcel HTTP/1.1" 500 28 "-" "PostmanRuntime/7.37.3"
::1 - - [29/Apr/2024:18:42:39 +0000] "POST /v1/uploadexcel HTTP/1.1" 500 28 "-" "PostmanRuntime/7.37.3"
::1 - - [29/Apr/2024:18:44:09 +0000] "POST /v1/uploadexcel HTTP/1.1" 500 28 "-" "PostmanRuntime/7.37.3"
::1 - - [29/Apr/2024:18:44:41 +0000] "POST /v1/uploadexcel HTTP/1.1" 500 28 "-" "PostmanRuntime/7.37.3"
::1 - - [29/Apr/2024:18:45:47 +0000] "POST /v1/uploadexcel HTTP/1.1" 500 28 "-" "PostmanRuntime/7.37.3"
::1 - - [29/Apr/2024:18:46:01 +0000] "POST /v1/uploadexcel HTTP/1.1" 500 28 "-" "PostmanRuntime/7.37.3"
::1 - - [29/Apr/2024:18:46:18 +0000] "POST /v1/uploadexcel HTTP/1.1" 500 28 "-" "PostmanRuntime/7.37.3"
::1 - - [29/Apr/2024:18:46:45 +0000] "POST /v1/uploadexcel HTTP/1.1" 500 28 "-" "PostmanRuntime/7.37.3"
::1 - - [30/Apr/2024:05:48:30 +0000] "POST /v1/uploadexcel HTTP/1.1" 400 66 "-" "PostmanRuntime/7.37.3"
::1 - - [30/Apr/2024:05:50:13 +0000] "POST /v1/uploadexcel HTTP/1.1" 500 28 "-" "PostmanRuntime/7.37.3"
::1 - - [30/Apr/2024:05:52:05 +0000] "POST /v1/uploadexcel HTTP/1.1" 500 28 "-" "PostmanRuntime/7.37.3"
::1 - - [30/Apr/2024:05:53:18 +0000] "POST /v1/uploadexcel HTTP/1.1" 500 28 "-" "PostmanRuntime/7.37.3"
::1 - - [30/Apr/2024:05:53:51 +0000] "POST /v1/uploadexcel HTTP/1.1" 500 28 "-" "PostmanRuntime/7.37.3"
::1 - - [30/Apr/2024:05:54:36 +0000] "POST /v1/uploadexcel HTTP/1.1" 500 28 "-" "PostmanRuntime/7.37.3"
::1 - - [30/Apr/2024:05:54:50 +0000] "POST /v1/uploadexcel HTTP/1.1" 500 28 "-" "PostmanRuntime/7.37.3"
::1 - - [30/Apr/2024:05:55:32 +0000] "POST /v1/uploadexcel HTTP/1.1" 500 28 "-" "PostmanRuntime/7.37.3"
::1 - - [30/Apr/2024:05:59:41 +0000] "POST /v1/uploadexcel HTTP/1.1" 500 28 "-" "PostmanRuntime/7.37.3"
::1 - - [30/Apr/2024:05:59:53 +0000] "POST /v1/uploadexcel HTTP/1.1" 500 28 "-" "PostmanRuntime/7.37.3"
::1 - - [30/Apr/2024:06:15:44 +0000] "POST /v1/uploadexcel HTTP/1.1" 500 28 "-" "PostmanRuntime/7.37.3"
::1 - - [30/Apr/2024:06:15:52 +0000] "POST /v1/uploadexcel HTTP/1.1" 500 28 "-" "PostmanRuntime/7.37.3"
::1 - - [30/Apr/2024:06:16:06 +0000] "POST /v1/uploadexcel HTTP/1.1" 500 28 "-" "PostmanRuntime/7.37.3"
::1 - - [30/Apr/2024:06:16:37 +0000] "POST /v1/uploadexcel HTTP/1.1" 500 28 "-" "PostmanRuntime/7.37.3"
::1 - - [30/Apr/2024:06:17:16 +0000] "POST /v1/uploadexcel HTTP/1.1" 500 28 "-" "PostmanRuntime/7.37.3"
::1 - - [30/Apr/2024:06:17:36 +0000] "POST /v1/uploadexcel HTTP/1.1" 500 28 "-" "PostmanRuntime/7.37.3"
::1 - - [30/Apr/2024:06:21:06 +0000] "POST /v1/uploadexcel HTTP/1.1" 500 28 "-" "PostmanRuntime/7.37.3"
::1 - - [30/Apr/2024:06:21:34 +0000] "POST /v1/uploadexcel HTTP/1.1" 500 28 "-" "PostmanRuntime/7.37.3"
::1 - - [30/Apr/2024:06:21:50 +0000] "POST /v1/uploadexcel HTTP/1.1" 500 28 "-" "PostmanRuntime/7.37.3"
::1 - - [30/Apr/2024:17:48:13 +0000] "POST /v1/uploadexcel HTTP/1.1" 500 28 "-" "PostmanRuntime/7.37.3"
::1 - - [30/Apr/2024:17:49:04 +0000] "POST /v1/uploadexcel HTTP/1.1" 500 28 "-" "PostmanRuntime/7.37.3"
::1 - - [30/Apr/2024:17:49:19 +0000] "POST /v1/uploadexcel HTTP/1.1" 500 28 "-" "PostmanRuntime/7.37.3"
::1 - - [30/Apr/2024:17:49:35 +0000] "POST /v1/uploadexcel HTTP/1.1" 500 28 "-" "PostmanRuntime/7.37.3"
::1 - - [30/Apr/2024:17:49:52 +0000] "POST /v1/uploadexcel HTTP/1.1" 500 28 "-" "PostmanRuntime/7.37.3"
::1 - - [30/Apr/2024:17:50:04 +0000] "POST /v1/uploadexcel HTTP/1.1" 500 28 "-" "PostmanRuntime/7.37.3"
::1 - - [30/Apr/2024:17:51:29 +0000] "POST /v1/uploadexcel HTTP/1.1" 500 28 "-" "PostmanRuntime/7.37.3"
::1 - - [30/Apr/2024:17:54:16 +0000] "POST /v1/uploadexcel HTTP/1.1" 500 28 "-" "PostmanRuntime/7.37.3"
::1 - - [30/Apr/2024:17:55:25 +0000] "POST /v1/uploadexcel HTTP/1.1" 500 28 "-" "PostmanRuntime/7.37.3"
::1 - - [30/Apr/2024:17:58:06 +0000] "POST /v1/uploadexcel HTTP/1.1" 500 28 "-" "PostmanRuntime/7.37.3"
::1 - - [30/Apr/2024:17:59:06 +0000] "POST /v1/uploadexcel HTTP/1.1" 500 28 "-" "PostmanRuntime/7.37.3"
::1 - - [01/May/2024:03:44:51 +0000] "POST /v1/uploadexcel HTTP/1.1" 500 28 "-" "PostmanRuntime/7.37.3"
::1 - - [01/May/2024:03:46:10 +0000] "POST /v1/uploadexcel HTTP/1.1" 500 28 "-" "PostmanRuntime/7.37.3"
::1 - - [01/May/2024:03:46:29 +0000] "POST /v1/uploadexcel HTTP/1.1" 500 28 "-" "PostmanRuntime/7.37.3"
::1 - - [01/May/2024:03:47:31 +0000] "POST /v1/uploadexcel HTTP/1.1" 500 28 "-" "PostmanRuntime/7.37.3"
::1 - - [01/May/2024:03:47:58 +0000] "POST /v1/uploadexcel HTTP/1.1" 500 28 "-" "PostmanRuntime/7.37.3"
::1 - - [01/May/2024:03:47:58 +0000] "POST /v1/uploadexcel HTTP/1.1" 500 28 "-" "PostmanRuntime/7.37.3"
::1 - - [01/May/2024:03:48:53 +0000] "POST /v1/uploadexcel HTTP/1.1" 500 28 "-" "PostmanRuntime/7.37.3"
::1 - - [01/May/2024:03:52:09 +0000] "POST /v1/uploadexcel HTTP/1.1" 500 28 "-" "PostmanRuntime/7.37.3"
::1 - - [01/May/2024:04:04:44 +0000] "POST /v1/uploadexcel HTTP/1.1" 500 28 "-" "PostmanRuntime/7.37.3"
::1 - - [01/May/2024:04:05:03 +0000] "POST /v1/uploadexcel HTTP/1.1" 500 28 "-" "PostmanRuntime/7.37.3"
::1 - - [01/May/2024:04:05:17 +0000] "POST /v1/uploadexcel HTTP/1.1" 500 28 "-" "PostmanRuntime/7.37.3"
::1 - - [01/May/2024:04:05:42 +0000] "POST /v1/uploadexcel HTTP/1.1" 500 28 "-" "PostmanRuntime/7.37.3"
::1 - - [01/May/2024:04:06:15 +0000] "POST /v1/uploadexcel HTTP/1.1" 500 28 "-" "PostmanRuntime/7.37.3"
::1 - - [01/May/2024:04:08:38 +0000] "POST /v1/uploadexcel HTTP/1.1" 500 28 "-" "PostmanRuntime/7.37.3"
::1 - - [01/May/2024:04:09:01 +0000] "POST /v1/uploadexcel HTTP/1.1" 500 28 "-" "PostmanRuntime/7.37.3"
::1 - - [01/May/2024:04:09:16 +0000] "POST /v1/uploadexcel HTTP/1.1" 500 28 "-" "PostmanRuntime/7.37.3"
::1 - - [01/May/2024:04:09:27 +0000] "POST /v1/uploadexcel HTTP/1.1" 500 28 "-" "PostmanRuntime/7.37.3"
::1 - - [01/May/2024:04:13:07 +0000] "POST /v1/uploadexcel HTTP/1.1" 500 28 "-" "PostmanRuntime/7.37.3"
::1 - - [01/May/2024:04:13:42 +0000] "POST /v1/uploadexcel HTTP/1.1" 500 28 "-" "PostmanRuntime/7.37.3"
::1 - - [01/May/2024:04:15:45 +0000] "POST /v1/uploadexcel HTTP/1.1" 500 28 "-" "PostmanRuntime/7.37.3"
::1 - - [01/May/2024:04:16:21 +0000] "POST /v1/uploadexcel HTTP/1.1" 200 136 "-" "PostmanRuntime/7.37.3"
::1 - - [01/May/2024:04:17:03 +0000] "POST /v1/uploadexcel HTTP/1.1" 200 136 "-" "PostmanRuntime/7.37.3"
::1 - - [01/May/2024:04:17:04 +0000] "POST /v1/uploadexcel HTTP/1.1" 200 136 "-" "PostmanRuntime/7.37.3"
::1 - - [01/May/2024:04:17:05 +0000] "POST /v1/uploadexcel HTTP/1.1" 200 136 "-" "PostmanRuntime/7.37.3"
::1 - - [01/May/2024:04:17:32 +0000] "POST /v1/uploadexcel HTTP/1.1" 200 136 "-" "PostmanRuntime/7.37.3"
::1 - - [02/May/2024:09:30:23 +0000] "POST /v1/generatecertificate HTTP/1.1" 401 26 "-" "PostmanRuntime/7.37.3"
::1 - - [02/May/2024:09:30:44 +0000] "POST /v1/generatecertificate HTTP/1.1" 400 34 "-" "PostmanRuntime/7.37.3"
::1 - - [02/May/2024:09:31:28 +0000] "POST /v1/generatecertificate HTTP/1.1" 200 35 "-" "PostmanRuntime/7.37.3"
::1 - - [02/May/2024:09:31:53 +0000] "POST /v1/generatecertificate HTTP/1.1" 200 173 "-" "PostmanRuntime/7.37.3"
::1 - - [02/May/2024:10:21:37 +0000] "POST /v1/generatecertificate HTTP/1.1" 403 33 "-" "PostmanRuntime/7.37.3"
::1 - - [02/May/2024:10:22:35 +0000] "POST /v1/generatecertificate HTTP/1.1" 403 33 "-" "PostmanRuntime/7.37.3"
::1 - - [02/May/2024:10:23:00 +0000] "POST /v1/generatecertificate HTTP/1.1" 403 33 "-" "PostmanRuntime/7.37.3"
::1 - - [02/May/2024:10:23:17 +0000] "POST /v1/generatecertificate?user_id=4 HTTP/1.1" 200 35 "-" "PostmanRuntime/7.37.3"
::1 - - [02/May/2024:10:24:06 +0000] "POST /v1/generatecertificate?user_id=4 HTTP/1.1" 200 173 "-" "PostmanRuntime/7.37.3"
